2025-12-05 14:14:55,726 INFO o.a.j.u.JMeterUtils: Setting Locale to en_EN
2025-12-05 14:14:55,738 INFO o.a.j.JMeter: Loading user properties from: C:\Users\SergBat\Desktop\programs\apache-jmeter-5.6.3\bin\user.properties
2025-12-05 14:14:55,739 INFO o.a.j.JMeter: Loading system properties from: C:\Users\SergBat\Desktop\programs\apache-jmeter-5.6.3\bin\system.properties
2025-12-05 14:14:55,743 INFO o.a.j.JMeter: Copyright (c) 1998-2024 The Apache Software Foundation
2025-12-05 14:14:55,743 INFO o.a.j.JMeter: Version 5.6.3
2025-12-05 14:14:55,743 INFO o.a.j.JMeter: java.version=22.0.1
2025-12-05 14:14:55,743 INFO o.a.j.JMeter: java.vm.name=Java HotSpot(TM) 64-Bit Server VM
2025-12-05 14:14:55,743 INFO o.a.j.JMeter: os.name=Windows 10
2025-12-05 14:14:55,743 INFO o.a.j.JMeter: os.arch=amd64
2025-12-05 14:14:55,743 INFO o.a.j.JMeter: os.version=10.0
2025-12-05 14:14:55,743 INFO o.a.j.JMeter: file.encoding=UTF-8
2025-12-05 14:14:55,743 INFO o.a.j.JMeter: java.awt.headless=null
2025-12-05 14:14:55,743 INFO o.a.j.JMeter: Max memory     =1073741824
2025-12-05 14:14:55,743 INFO o.a.j.JMeter: Available Processors =16
2025-12-05 14:14:55,749 INFO o.a.j.JMeter: Default Locale=English (EN)
2025-12-05 14:14:55,750 INFO o.a.j.JMeter: JMeter  Locale=English (EN)
2025-12-05 14:14:55,750 INFO o.a.j.JMeter: JMeterHome=C:\Users\SergBat\Desktop\programs\apache-jmeter-5.6.3
2025-12-05 14:14:55,750 INFO o.a.j.JMeter: user.dir  =C:\Users\SergBat\Desktop\Nagr_test\git\ci_cd\actions-runner
2025-12-05 14:14:55,750 INFO o.a.j.JMeter: PWD       =C:\Users\SergBat\Desktop\Nagr_test\git\ci_cd\actions-runner
2025-12-05 14:14:55,751 INFO o.a.j.JMeter: IP: 26.226.229.151 Name: DESKTOP-724TTEL FullName: DESKTOP-724TTEL
